\BOOKMARK [1][-]{section.1}{\376\377\133\236\232\214\151\202\217\360}{}% 1
\BOOKMARK [2][-]{subsection.1.1}{\376\377\133\236\232\214\166\356\150\007}{section.1}% 2
\BOOKMARK [2][-]{subsection.1.2}{\376\377\133\236\232\214\163\257\130\203}{section.1}% 3
\BOOKMARK [2][-]{subsection.1.3}{\376\377\145\160\143\156\226\306}{section.1}% 4
\BOOKMARK [1][-]{section.2}{\376\377\164\006\213\272\127\372\170\100}{}% 5
\BOOKMARK [2][-]{subsection.2.1}{\376\377\000R\000N\000N\127\372\147\054\123\237\164\006}{section.2}% 6
\BOOKMARK [2][-]{subsection.2.2}{\376\377\000L\000S\000T\000M\123\237\164\006}{section.2}% 7
\BOOKMARK [2][-]{subsection.2.3}{\376\377\000G\000R\000U\123\237\164\006}{section.2}% 8
\BOOKMARK [1][-]{section.3}{\376\377\177\121\176\334\176\323\147\204\133\236\163\260}{}% 9
\BOOKMARK [2][-]{subsection.3.1}{\376\377\000R\000N\000N\177\121\176\334\176\323\147\204}{section.3}% 10
\BOOKMARK [2][-]{subsection.3.2}{\376\377\000L\000S\000T\000M\177\121\176\334\176\323\147\204}{section.3}% 11
\BOOKMARK [2][-]{subsection.3.3}{\376\377\000G\000R\000U\177\121\176\334\176\323\147\204}{section.3}% 12
\BOOKMARK [1][-]{section.4}{\376\377\133\236\232\214\176\323\147\234\116\016\122\006\147\220}{}% 13
\BOOKMARK [2][-]{subsection.4.1}{\376\377\213\255\176\303\143\137\131\061\133\371\153\324}{section.4}% 14
\BOOKMARK [2][-]{subsection.4.2}{\376\377\213\255\176\303\121\306\170\156\163\207\133\371\153\324}{section.4}% 15
\BOOKMARK [2][-]{subsection.4.3}{\376\377\124\004\177\121\176\334\213\346\176\306\122\006\147\220}{section.4}% 16
\BOOKMARK [3][-]{subsubsection.4.3.1}{\376\377\000R\000N\000N\140\047\200\375\122\006\147\220}{subsection.4.3}% 17
\BOOKMARK [3][-]{subsubsection.4.3.2}{\376\377\000L\000S\000T\000M\140\047\200\375\122\006\147\220}{subsection.4.3}% 18
\BOOKMARK [3][-]{subsubsection.4.3.3}{\376\377\000G\000R\000U\140\047\200\375\122\006\147\220}{subsection.4.3}% 19
\BOOKMARK [1][-]{section.5}{\376\377\140\047\200\375\133\371\153\324\122\006\147\220}{}% 20
\BOOKMARK [2][-]{subsection.5.1}{\376\377\116\072\116\300\116\110\000L\000S\000T\000M\140\047\200\375\117\030\116\216\000R\000N\000N}{section.5}% 21
\BOOKMARK [3][-]{subsubsection.5.1.1}{\376\377\150\257\136\246\155\210\131\061\225\356\230\230\166\204\211\343\121\263}{subsection.5.1}% 22
\BOOKMARK [3][-]{subsubsection.5.1.2}{\376\377\213\260\137\306\200\375\122\233\166\204\143\320\123\107}{subsection.5.1}% 23
\BOOKMARK [3][-]{subsubsection.5.1.3}{\376\377\213\255\176\303\172\063\133\232\140\047}{subsection.5.1}% 24
\BOOKMARK [2][-]{subsection.5.2}{\376\377\000G\000R\000U\116\016\000L\000S\000T\000M\166\204\133\371\153\324}{section.5}% 25
\BOOKMARK [1][-]{section.6}{\376\377\133\236\232\214\176\323\213\272}{}% 26
\BOOKMARK [2][-]{subsection.6.1}{\376\377\116\073\211\201\123\321\163\260}{section.6}% 27
\BOOKMARK [2][-]{subsection.6.2}{\376\377\220\002\165\050\127\072\146\157\122\006\147\220}{section.6}% 28
\BOOKMARK [2][-]{subsection.6.3}{\376\377\133\236\232\214\137\303\137\227}{section.6}% 29
\BOOKMARK [1][-]{appendix.A}{\376\377\177\121\176\334\116\343\170\001\133\236\163\260}{}% 30
\BOOKMARK [2][-]{subsection.A.1}{\376\377\000R\000N\000N\177\121\176\334\133\236\163\260}{appendix.A}% 31
\BOOKMARK [2][-]{subsection.A.2}{\376\377\000L\000S\000T\000M\177\121\176\334\133\236\163\260}{appendix.A}% 32
\BOOKMARK [2][-]{subsection.A.3}{\376\377\000G\000R\000U\177\121\176\334\133\236\163\260}{appendix.A}% 33
