\BOOKMARK [1][-]{section.1}{\376\377\133\236\232\214\151\202\217\360}{}% 1
\BOOKMARK [2][-]{subsection.1.1}{\376\377\133\236\232\214\166\356\150\007}{section.1}% 2
\BOOKMARK [2][-]{subsection.1.2}{\376\377\133\236\232\214\163\257\130\203}{section.1}% 3
\BOOKMARK [2][-]{subsection.1.3}{\376\377\145\160\143\156\226\306}{section.1}% 4
\BOOKMARK [1][-]{section.2}{\376\377\164\006\213\272\127\372\170\100}{}% 5
\BOOKMARK [2][-]{subsection.2.1}{\376\377\000S\000e\000q\0002\000S\000e\000q\152\041\127\213}{section.2}% 6
\BOOKMARK [2][-]{subsection.2.2}{\376\377\154\350\141\017\122\233\147\072\122\066}{section.2}% 7
\BOOKMARK [3][-]{subsubsection.2.2.1}{\376\377\000B\000a\000h\000d\000a\000n\000a\000u\154\350\141\017\122\233}{subsection.2.2}% 8
\BOOKMARK [1][-]{section.3}{\376\377\152\041\127\213\133\236\163\260}{}% 9
\BOOKMARK [2][-]{subsection.3.1}{\376\377\127\372\170\100\000S\000e\000q\0002\000S\000e\000q\152\041\127\213}{section.3}% 10
\BOOKMARK [2][-]{subsection.3.2}{\376\377\154\350\141\017\122\233\000S\000e\000q\0002\000S\000e\000q\152\041\127\213}{section.3}% 11
\BOOKMARK [1][-]{section.4}{\376\377\133\236\232\214\176\323\147\234\116\016\122\006\147\220}{}% 12
\BOOKMARK [2][-]{subsection.4.1}{\376\377\213\255\176\303\221\115\177\156}{section.4}% 13
\BOOKMARK [2][-]{subsection.4.2}{\376\377\143\137\131\061\121\375\145\160\133\371\153\324}{section.4}% 14
\BOOKMARK [3][-]{subsubsection.4.2.1}{\376\377\133\232\221\317\122\006\147\220\176\323\147\234}{subsection.4.2}% 15
\BOOKMARK [2][-]{subsection.4.3}{\376\377\177\373\213\321\215\050\221\317\122\006\147\220}{section.4}% 16
\BOOKMARK [3][-]{subsubsection.4.3.1}{\376\377\177\373\213\321\171\072\117\213\133\371\153\324}{subsection.4.3}% 17
\BOOKMARK [3][-]{subsubsection.4.3.2}{\376\377\154\350\141\017\122\233\147\103\221\315\123\357\211\306\123\026\122\006\147\220}{subsection.4.3}% 18
\BOOKMARK [1][-]{section.5}{\376\377\140\047\200\375\133\371\153\324\122\006\147\220}{}% 19
\BOOKMARK [2][-]{subsection.5.1}{\376\377\154\350\141\017\122\233\147\072\122\066\166\204\117\030\122\277}{section.5}% 20
\BOOKMARK [2][-]{subsection.5.2}{\376\377\213\241\173\227\131\015\147\102\136\246\122\006\147\220}{section.5}% 21
\BOOKMARK [1][-]{section.6}{\376\377\133\236\232\214\137\303\137\227}{}% 22
\BOOKMARK [2][-]{subsection.6.1}{\376\377\116\073\211\201\145\066\203\267}{section.6}% 23
\BOOKMARK [2][-]{subsection.6.2}{\376\377\154\350\141\017\122\233\147\072\122\066\166\204\137\161\124\315\122\006\147\220}{section.6}% 24
\BOOKMARK [3][-]{subsubsection.6.2.1}{\376\377\213\255\176\303\217\307\172\013\166\204\123\330\123\026}{subsection.6.2}% 25
\BOOKMARK [3][-]{subsubsection.6.2.2}{\376\377\152\041\127\213\140\047\200\375\166\204\143\320\123\107}{subsection.6.2}% 26
\BOOKMARK [3][-]{subsubsection.6.2.3}{\376\377\225\031\213\357\152\041\137\017\166\204\145\071\123\330}{subsection.6.2}% 27
\BOOKMARK [3][-]{subsubsection.6.2.4}{\376\377\152\041\127\213\210\114\116\072\166\204\123\357\211\343\221\312\140\047}{subsection.6.2}% 28
\BOOKMARK [3][-]{subsubsection.6.2.5}{\376\377\213\241\173\227\215\104\156\220\166\204\137\161\124\315}{subsection.6.2}% 29
\BOOKMARK [2][-]{subsection.6.3}{\376\377\142\200\147\057\140\035\200\003}{section.6}% 30
\BOOKMARK [1][-]{section.7}{\376\377\176\323\213\272}{}% 31
\BOOKMARK [1][-]{appendix.A}{\376\377\133\236\232\214\116\343\170\001}{}% 32
\BOOKMARK [2][-]{subsection.A.1}{\376\377\145\160\143\156\230\204\131\004\164\006}{appendix.A}% 33
\BOOKMARK [2][-]{subsection.A.2}{\376\377\127\372\170\100\000S\000e\000q\0002\000S\000e\000q\152\041\127\213}{appendix.A}% 34
\BOOKMARK [2][-]{subsection.A.3}{\376\377\154\350\141\017\122\233\147\072\122\066\133\236\163\260}{appendix.A}% 35
\BOOKMARK [2][-]{subsection.A.4}{\376\377\213\255\176\303\124\214\213\304\117\060}{appendix.A}% 36
